<?xml version="1.0" ?>
<coverage version="7.6.10" timestamp="1738235486979" lines-valid="175" lines-covered="69" line-rate="0.3943" branches-covered="0" branches-valid="0" branch-rate="0" complexity="0">
	<!-- Generated by coverage.py: https://coverage.readthedocs.io/en/7.6.10 -->
	<!-- Based on https://raw.githubusercontent.com/cobertura/web/master/htdocs/xml/coverage-04.dtd -->
	<sources>
		<source>/Users/Shared/RAG-for-drug-pdf-files/src</source>
	</sources>
	<packages>
		<package name="." line-rate="0.09402" branch-rate="0" complexity="0">
			<classes>
				<class name="app.py" filename="app.py" complexity="0" line-rate="0" branch-rate="0">
					<methods/>
					<lines>
						<line number="7" hits="0"/>
						<line number="9" hits="0"/>
						<line number="10" hits="0"/>
						<line number="11" hits="0"/>
						<line number="13" hits="0"/>
						<line number="14" hits="0"/>
						<line number="15" hits="0"/>
						<line number="16" hits="0"/>
						<line number="17" hits="0"/>
						<line number="18" hits="0"/>
						<line number="19" hits="0"/>
						<line number="20" hits="0"/>
						<line number="23" hits="0"/>
						<line number="26" hits="0"/>
						<line number="29" hits="0"/>
						<line number="30" hits="0"/>
						<line number="31" hits="0"/>
						<line number="33" hits="0"/>
						<line number="36" hits="0"/>
						<line number="39" hits="0"/>
						<line number="40" hits="0"/>
						<line number="43" hits="0"/>
						<line number="44" hits="0"/>
						<line number="45" hits="0"/>
						<line number="46" hits="0"/>
						<line number="47" hits="0"/>
						<line number="48" hits="0"/>
						<line number="51" hits="0"/>
						<line number="52" hits="0"/>
						<line number="55" hits="0"/>
						<line number="56" hits="0"/>
						<line number="59" hits="0"/>
						<line number="62" hits="0"/>
						<line number="65" hits="0"/>
						<line number="68" hits="0"/>
						<line number="71" hits="0"/>
						<line number="74" hits="0"/>
						<line number="75" hits="0"/>
						<line number="78" hits="0"/>
						<line number="79" hits="0"/>
						<line number="82" hits="0"/>
						<line number="85" hits="0"/>
						<line number="86" hits="0"/>
						<line number="88" hits="0"/>
						<line number="91" hits="0"/>
						<line number="92" hits="0"/>
						<line number="95" hits="0"/>
						<line number="97" hits="0"/>
						<line number="100" hits="0"/>
						<line number="101" hits="0"/>
						<line number="102" hits="0"/>
						<line number="103" hits="0"/>
						<line number="104" hits="0"/>
					</lines>
				</class>
				<class name="config.py" filename="config.py" complexity="0" line-rate="0.7333" branch-rate="0">
					<methods/>
					<lines>
						<line number="10" hits="1"/>
						<line number="12" hits="1"/>
						<line number="15" hits="1"/>
						<line number="18" hits="1"/>
						<line number="19" hits="1"/>
						<line number="20" hits="1"/>
						<line number="21" hits="1"/>
						<line number="24" hits="1"/>
						<line number="25" hits="0"/>
						<line number="26" hits="1"/>
						<line number="27" hits="0"/>
						<line number="28" hits="1"/>
						<line number="29" hits="0"/>
						<line number="30" hits="1"/>
						<line number="31" hits="0"/>
					</lines>
				</class>
				<class name="main.py" filename="main.py" complexity="0" line-rate="0" branch-rate="0">
					<methods/>
					<lines>
						<line number="8" hits="0"/>
						<line number="10" hits="0"/>
						<line number="11" hits="0"/>
						<line number="13" hits="0"/>
						<line number="14" hits="0"/>
						<line number="15" hits="0"/>
						<line number="16" hits="0"/>
						<line number="17" hits="0"/>
						<line number="18" hits="0"/>
						<line number="19" hits="0"/>
						<line number="20" hits="0"/>
						<line number="23" hits="0"/>
						<line number="26" hits="0"/>
						<line number="29" hits="0"/>
						<line number="30" hits="0"/>
						<line number="31" hits="0"/>
						<line number="33" hits="0"/>
						<line number="36" hits="0"/>
						<line number="39" hits="0"/>
						<line number="40" hits="0"/>
						<line number="45" hits="0"/>
						<line number="46" hits="0"/>
						<line number="47" hits="0"/>
						<line number="48" hits="0"/>
						<line number="51" hits="0"/>
						<line number="52" hits="0"/>
						<line number="55" hits="0"/>
						<line number="56" hits="0"/>
						<line number="59" hits="0"/>
						<line number="60" hits="0"/>
						<line number="64" hits="0"/>
						<line number="67" hits="0"/>
						<line number="70" hits="0"/>
						<line number="73" hits="0"/>
						<line number="76" hits="0"/>
						<line number="77" hits="0"/>
						<line number="78" hits="0"/>
						<line number="79" hits="0"/>
						<line number="80" hits="0"/>
						<line number="81" hits="0"/>
						<line number="84" hits="0"/>
						<line number="87" hits="0"/>
						<line number="88" hits="0"/>
						<line number="89" hits="0"/>
						<line number="90" hits="0"/>
						<line number="93" hits="0"/>
						<line number="96" hits="0"/>
						<line number="97" hits="0"/>
						<line number="98" hits="0"/>
					</lines>
				</class>
			</classes>
		</package>
		<package name="data_preparation" line-rate="1" branch-rate="0" complexity="0">
			<classes>
				<class name="pdf_loader.py" filename="data_preparation/pdf_loader.py" complexity="0" line-rate="1" branch-rate="0">
					<methods/>
					<lines>
						<line number="19" hits="1"/>
						<line number="21" hits="1"/>
						<line number="22" hits="1"/>
						<line number="25" hits="1"/>
						<line number="35" hits="1"/>
						<line number="36" hits="1"/>
						<line number="39" hits="1"/>
						<line number="40" hits="1"/>
						<line number="41" hits="1"/>
						<line number="43" hits="1"/>
						<line number="45" hits="1"/>
						<line number="48" hits="1"/>
						<line number="49" hits="1"/>
						<line number="50" hits="1"/>
						<line number="53" hits="1"/>
						<line number="55" hits="1"/>
						<line number="56" hits="1"/>
						<line number="58" hits="1"/>
					</lines>
				</class>
				<class name="text_splitter.py" filename="data_preparation/text_splitter.py" complexity="0" line-rate="1" branch-rate="0">
					<methods/>
					<lines>
						<line number="18" hits="1"/>
						<line number="21" hits="1"/>
						<line number="34" hits="1"/>
						<line number="35" hits="1"/>
						<line number="38" hits="1"/>
					</lines>
				</class>
			</classes>
		</package>
		<package name="models" line-rate="1" branch-rate="0" complexity="0">
			<classes>
				<class name="gpt_model.py" filename="models/gpt_model.py" complexity="0" line-rate="1" branch-rate="0">
					<methods/>
					<lines>
						<line number="9" hits="1"/>
						<line number="12" hits="1"/>
						<line number="24" hits="1"/>
					</lines>
				</class>
				<class name="retriever.py" filename="models/retriever.py" complexity="0" line-rate="1" branch-rate="0">
					<methods/>
					<lines>
						<line number="8" hits="1"/>
						<line number="18" hits="1"/>
					</lines>
				</class>
			</classes>
		</package>
		<package name="pipeline" line-rate="1" branch-rate="0" complexity="0">
			<classes>
				<class name="rag_pipeline.py" filename="pipeline/rag_pipeline.py" complexity="0" line-rate="1" branch-rate="0">
					<methods/>
					<lines>
						<line number="7" hits="1"/>
						<line number="9" hits="1"/>
						<line number="11" hits="1"/>
						<line number="14" hits="1"/>
						<line number="27" hits="1"/>
						<line number="36" hits="1"/>
					</lines>
				</class>
			</classes>
		</package>
		<package name="prompts" line-rate="1" branch-rate="0" complexity="0">
			<classes>
				<class name="prompt_template.py" filename="prompts/prompt_template.py" complexity="0" line-rate="1" branch-rate="0">
					<methods/>
					<lines>
						<line number="9" hits="1"/>
						<line number="12" hits="1"/>
						<line number="23" hits="1"/>
						<line number="30" hits="1"/>
					</lines>
				</class>
			</classes>
		</package>
		<package name="vectorstore" line-rate="1" branch-rate="0" complexity="0">
			<classes>
				<class name="faiss_manager.py" filename="vectorstore/faiss_manager.py" complexity="0" line-rate="1" branch-rate="0">
					<methods/>
					<lines>
						<line number="9" hits="1"/>
						<line number="11" hits="1"/>
						<line number="14" hits="1"/>
						<line number="26" hits="1"/>
						<line number="28" hits="1"/>
						<line number="29" hits="1"/>
						<line number="30" hits="1"/>
						<line number="32" hits="1"/>
						<line number="33" hits="1"/>
						<line number="35" hits="1"/>
						<line number="38" hits="1"/>
						<line number="39" hits="1"/>
						<line number="40" hits="1"/>
						<line number="41" hits="1"/>
						<line number="42" hits="1"/>
						<line number="43" hits="1"/>
						<line number="45" hits="1"/>
						<line number="50" hits="1"/>
						<line number="51" hits="1"/>
						<line number="53" hits="1"/>
					</lines>
				</class>
			</classes>
		</package>
	</packages>
</coverage>
